{"C:\\Users\\Vitor Leal\\Desktop\\projects\\transactionsManager\\src\\components\\Transactions\\index.js": {"path":"C:\\Users\\Vitor Leal\\Desktop\\projects\\transactionsManager\\src\\components\\Transactions\\index.js","statementMap":{"0":{"start":{"line":7,"column":21},"end":{"line":63,"column":1}},"1":{"start":{"line":8,"column":26},"end":{"line":8,"column":79}},"2":{"start":{"line":8,"column":48},"end":{"line":8,"column":78}},"3":{"start":{"line":9,"column":42},"end":{"line":9,"column":67}},"4":{"start":{"line":11,"column":27},"end":{"line":23,"column":3}},"5":{"start":{"line":12,"column":26},"end":{"line":12,"column":41}},"6":{"start":{"line":13,"column":4},"end":{"line":15,"column":7}},"7":{"start":{"line":14,"column":6},"end":{"line":14,"column":59}},"8":{"start":{"line":16,"column":31},"end":{"line":18,"column":5}},"9":{"start":{"line":17,"column":6},"end":{"line":17,"column":25}},"10":{"start":{"line":19,"column":4},"end":{"line":21,"column":7}},"11":{"start":{"line":20,"column":6},"end":{"line":20,"column":57}},"12":{"start":{"line":22,"column":4},"end":{"line":22,"column":40}},"13":{"start":{"line":25,"column":2},"end":{"line":29,"column":24}},"14":{"start":{"line":26,"column":4},"end":{"line":28,"column":5}},"15":{"start":{"line":27,"column":6},"end":{"line":27,"column":25}},"16":{"start":{"line":31,"column":28},"end":{"line":52,"column":3}},"17":{"start":{"line":32,"column":4},"end":{"line":51,"column":6}},"18":{"start":{"line":54,"column":2},"end":{"line":62,"column":4}},"19":{"start":{"line":59,"column":37},"end":{"line":59,"column":53}}},"fnMap":{"0":{"name":"(anonymous_0)","decl":{"start":{"line":7,"column":21},"end":{"line":7,"column":22}},"loc":{"start":{"line":7,"column":27},"end":{"line":63,"column":1}},"line":7},"1":{"name":"(anonymous_1)","decl":{"start":{"line":8,"column":38},"end":{"line":8,"column":39}},"loc":{"start":{"line":8,"column":48},"end":{"line":8,"column":78}},"line":8},"2":{"name":"(anonymous_2)","decl":{"start":{"line":11,"column":27},"end":{"line":11,"column":28}},"loc":{"start":{"line":11,"column":33},"end":{"line":23,"column":3}},"line":11},"3":{"name":"(anonymous_3)","decl":{"start":{"line":13,"column":24},"end":{"line":13,"column":25}},"loc":{"start":{"line":13,"column":34},"end":{"line":15,"column":5}},"line":13},"4":{"name":"(anonymous_4)","decl":{"start":{"line":16,"column":52},"end":{"line":16,"column":53}},"loc":{"start":{"line":17,"column":6},"end":{"line":17,"column":25}},"line":17},"5":{"name":"(anonymous_5)","decl":{"start":{"line":19,"column":27},"end":{"line":19,"column":28}},"loc":{"start":{"line":19,"column":37},"end":{"line":21,"column":5}},"line":19},"6":{"name":"(anonymous_6)","decl":{"start":{"line":25,"column":12},"end":{"line":25,"column":13}},"loc":{"start":{"line":25,"column":18},"end":{"line":29,"column":3}},"line":25},"7":{"name":"(anonymous_7)","decl":{"start":{"line":31,"column":28},"end":{"line":31,"column":29}},"loc":{"start":{"line":31,"column":40},"end":{"line":52,"column":3}},"line":31},"8":{"name":"(anonymous_8)","decl":{"start":{"line":59,"column":20},"end":{"line":59,"column":21}},"loc":{"start":{"line":59,"column":37},"end":{"line":59,"column":53}},"line":59}},"branchMap":{"0":{"loc":{"start":{"line":26,"column":4},"end":{"line":28,"column":5}},"type":"if","locations":[{"start":{"line":26,"column":4},"end":{"line":28,"column":5}},{"start":{"line":26,"column":4},"end":{"line":28,"column":5}}],"line":26},"1":{"loc":{"start":{"line":38,"column":16},"end":{"line":38,"column":76}},"type":"cond-expr","locations":[{"start":{"line":38,"column":33},"end":{"line":38,"column":53}},{"start":{"line":38,"column":56},"end":{"line":38,"column":76}}],"line":38}},"s":{"0":3,"1":3,"2":5,"3":3,"4":3,"5":2,"6":2,"7":2,"8":2,"9":0,"10":2,"11":2,"12":2,"13":3,"14":2,"15":2,"16":3,"17":3,"18":3,"19":3},"f":{"0":3,"1":5,"2":2,"3":2,"4":0,"5":2,"6":2,"7":3,"8":3},"b":{"0":[2,0],"1":[3,0]},"_coverageSchema":"1a1c01bbd47fc00a2c39e90264f33305004495a9","hash":"4fcc1fab74393d174c03cd8b15d51f0df765292d"}
,"C:\\Users\\Vitor Leal\\Desktop\\projects\\transactionsManager\\src\\components\\Transactions\\styles.js": {"path":"C:\\Users\\Vitor Leal\\Desktop\\projects\\transactionsManager\\src\\components\\Transactions\\styles.js","statementMap":{"0":{"start":{"line":4,"column":15},"end":{"line":53,"column":2}}},"fnMap":{},"branchMap":{},"s":{"0":3},"f":{},"b":{},"_coverageSchema":"1a1c01bbd47fc00a2c39e90264f33305004495a9","hash":"f5bf56f31adb8cc086334759e235fae6d97cc657"}
,"C:\\Users\\Vitor Leal\\Desktop\\projects\\transactionsManager\\src\\constants\\Colors.js": {"path":"C:\\Users\\Vitor Leal\\Desktop\\projects\\transactionsManager\\src\\constants\\Colors.js","statementMap":{"0":{"start":{"line":1,"column":12},"end":{"line":1,"column":21}},"1":{"start":{"line":2,"column":17},"end":{"line":2,"column":26}},"2":{"start":{"line":3,"column":17},"end":{"line":3,"column":26}},"3":{"start":{"line":4,"column":18},"end":{"line":4,"column":27}},"4":{"start":{"line":5,"column":18},"end":{"line":5,"column":27}},"5":{"start":{"line":6,"column":28},"end":{"line":6,"column":37}},"6":{"start":{"line":7,"column":28},"end":{"line":7,"column":35}},"7":{"start":{"line":9,"column":22},"end":{"line":17,"column":1}}},"fnMap":{},"branchMap":{},"s":{"0":3,"1":3,"2":3,"3":3,"4":3,"5":3,"6":3,"7":3},"f":{},"b":{},"_coverageSchema":"1a1c01bbd47fc00a2c39e90264f33305004495a9","hash":"d39d06858d4e42e9fd1747a2d84f6982714a64b6"}
,"C:\\Users\\Vitor Leal\\Desktop\\projects\\transactionsManager\\src\\navigator\\appNavigator.js": {"path":"C:\\Users\\Vitor Leal\\Desktop\\projects\\transactionsManager\\src\\navigator\\appNavigator.js","statementMap":{"0":{"start":{"line":8,"column":14},"end":{"line":8,"column":36}},"1":{"start":{"line":9,"column":31},"end":{"line":33,"column":1}},"2":{"start":{"line":10,"column":2},"end":{"line":32,"column":4}},"3":{"start":{"line":16,"column":26},"end":{"line":18,"column":11}},"4":{"start":{"line":23,"column":26},"end":{"line":28,"column":11}}},"fnMap":{"0":{"name":"(anonymous_0)","decl":{"start":{"line":9,"column":31},"end":{"line":9,"column":32}},"loc":{"start":{"line":9,"column":37},"end":{"line":33,"column":1}},"line":9},"1":{"name":"(anonymous_1)","decl":{"start":{"line":16,"column":19},"end":{"line":16,"column":20}},"loc":{"start":{"line":16,"column":26},"end":{"line":18,"column":11}},"line":16},"2":{"name":"(anonymous_2)","decl":{"start":{"line":23,"column":19},"end":{"line":23,"column":20}},"loc":{"start":{"line":23,"column":26},"end":{"line":28,"column":11}},"line":23}},"branchMap":{},"s":{"0":0,"1":0,"2":0,"3":0,"4":0},"f":{"0":0,"1":0,"2":0},"b":{}}
,"C:\\Users\\Vitor Leal\\Desktop\\projects\\transactionsManager\\src\\navigator\\mockedNavigator.js": {"path":"C:\\Users\\Vitor Leal\\Desktop\\projects\\transactionsManager\\src\\navigator\\mockedNavigator.js","statementMap":{"0":{"start":{"line":8,"column":14},"end":{"line":8,"column":36}},"1":{"start":{"line":10,"column":24},"end":{"line":22,"column":1}},"2":{"start":{"line":11,"column":2},"end":{"line":21,"column":4}}},"fnMap":{"0":{"name":"(anonymous_0)","decl":{"start":{"line":10,"column":24},"end":{"line":10,"column":25}},"loc":{"start":{"line":10,"column":54},"end":{"line":22,"column":1}},"line":10}},"branchMap":{"0":{"loc":{"start":{"line":10,"column":37},"end":{"line":10,"column":48}},"type":"default-arg","locations":[{"start":{"line":10,"column":46},"end":{"line":10,"column":48}}],"line":10}},"s":{"0":3,"1":3,"2":5},"f":{"0":5},"b":{"0":[5]},"_coverageSchema":"1a1c01bbd47fc00a2c39e90264f33305004495a9","hash":"f1c486095a36a596907a3c1d14f64e687bee47d3"}
,"C:\\Users\\Vitor Leal\\Desktop\\projects\\transactionsManager\\src\\pages\\AddTransaction\\index.js": {"path":"C:\\Users\\Vitor Leal\\Desktop\\projects\\transactionsManager\\src\\pages\\AddTransaction\\index.js","statementMap":{"0":{"start":{"line":11,"column":23},"end":{"line":90,"column":1}},"1":{"start":{"line":12,"column":28},"end":{"line":12,"column":38}},"2":{"start":{"line":13,"column":26},"end":{"line":13,"column":36}},"3":{"start":{"line":14,"column":21},"end":{"line":14,"column":50}},"4":{"start":{"line":15,"column":26},"end":{"line":15,"column":46}},"5":{"start":{"line":16,"column":21},"end":{"line":16,"column":36}},"6":{"start":{"line":17,"column":19},"end":{"line":17,"column":32}},"7":{"start":{"line":19,"column":19},"end":{"line":22,"column":3}},"8":{"start":{"line":20,"column":24},"end":{"line":20,"column":44}},"9":{"start":{"line":21,"column":4},"end":{"line":21,"column":68}},"10":{"start":{"line":24,"column":28},"end":{"line":41,"column":3}},"11":{"start":{"line":25,"column":4},"end":{"line":40,"column":5}},"12":{"start":{"line":26,"column":24},"end":{"line":26,"column":32}},"13":{"start":{"line":27,"column":27},"end":{"line":27,"column":53}},"14":{"start":{"line":28,"column":23},"end":{"line":28,"column":59}},"15":{"start":{"line":29,"column":24},"end":{"line":29,"column":60}},"16":{"start":{"line":30,"column":28},"end":{"line":30,"column":45}},"17":{"start":{"line":31,"column":26},"end":{"line":35,"column":7}},"18":{"start":{"line":36,"column":6},"end":{"line":36,"column":45}},"19":{"start":{"line":37,"column":6},"end":{"line":37,"column":34}},"20":{"start":{"line":39,"column":6},"end":{"line":39,"column":71}},"21":{"start":{"line":43,"column":2},"end":{"line":89,"column":4}},"22":{"start":{"line":54,"column":35},"end":{"line":54,"column":50}},"23":{"start":{"line":63,"column":41},"end":{"line":63,"column":61}}},"fnMap":{"0":{"name":"(anonymous_0)","decl":{"start":{"line":11,"column":23},"end":{"line":11,"column":24}},"loc":{"start":{"line":11,"column":29},"end":{"line":90,"column":1}},"line":11},"1":{"name":"(anonymous_1)","decl":{"start":{"line":19,"column":19},"end":{"line":19,"column":20}},"loc":{"start":{"line":19,"column":37},"end":{"line":22,"column":3}},"line":19},"2":{"name":"(anonymous_2)","decl":{"start":{"line":24,"column":28},"end":{"line":24,"column":29}},"loc":{"start":{"line":24,"column":34},"end":{"line":41,"column":3}},"line":24},"3":{"name":"(anonymous_3)","decl":{"start":{"line":54,"column":24},"end":{"line":54,"column":25}},"loc":{"start":{"line":54,"column":35},"end":{"line":54,"column":50}},"line":54},"4":{"name":"(anonymous_4)","decl":{"start":{"line":63,"column":24},"end":{"line":63,"column":25}},"loc":{"start":{"line":63,"column":41},"end":{"line":63,"column":61}},"line":63}},"branchMap":{"0":{"loc":{"start":{"line":20,"column":24},"end":{"line":20,"column":44}},"type":"binary-expr","locations":[{"start":{"line":20,"column":24},"end":{"line":20,"column":36}},{"start":{"line":20,"column":40},"end":{"line":20,"column":44}}],"line":20},"1":{"loc":{"start":{"line":25,"column":4},"end":{"line":40,"column":5}},"type":"if","locations":[{"start":{"line":25,"column":4},"end":{"line":40,"column":5}},{"start":{"line":25,"column":4},"end":{"line":40,"column":5}}],"line":25},"2":{"loc":{"start":{"line":25,"column":8},"end":{"line":25,"column":29}},"type":"binary-expr","locations":[{"start":{"line":25,"column":8},"end":{"line":25,"column":12}},{"start":{"line":25,"column":16},"end":{"line":25,"column":20}},{"start":{"line":25,"column":24},"end":{"line":25,"column":29}}],"line":25}},"s":{"0":3,"1":4,"2":4,"3":4,"4":4,"5":4,"6":4,"7":4,"8":0,"9":0,"10":4,"11":0,"12":0,"13":0,"14":0,"15":0,"16":0,"17":0,"18":0,"19":0,"20":0,"21":4,"22":1,"23":1},"f":{"0":4,"1":0,"2":0,"3":1,"4":1},"b":{"0":[0,0],"1":[0,0],"2":[0,0,0]},"_coverageSchema":"1a1c01bbd47fc00a2c39e90264f33305004495a9","hash":"2da6431052aacc25922f3a9c736a3b5e3c8122fc"}
,"C:\\Users\\Vitor Leal\\Desktop\\projects\\transactionsManager\\src\\pages\\AddTransaction\\styles.js": {"path":"C:\\Users\\Vitor Leal\\Desktop\\projects\\transactionsManager\\src\\pages\\AddTransaction\\styles.js","statementMap":{"0":{"start":{"line":4,"column":15},"end":{"line":50,"column":2}}},"fnMap":{},"branchMap":{},"s":{"0":3},"f":{},"b":{},"_coverageSchema":"1a1c01bbd47fc00a2c39e90264f33305004495a9","hash":"576e04670289de045c70a071218fd9aed3b899c6"}
,"C:\\Users\\Vitor Leal\\Desktop\\projects\\transactionsManager\\src\\pages\\Home\\index.js": {"path":"C:\\Users\\Vitor Leal\\Desktop\\projects\\transactionsManager\\src\\pages\\Home\\index.js","statementMap":{"0":{"start":{"line":9,"column":13},"end":{"line":49,"column":1}},"1":{"start":{"line":10,"column":21},"end":{"line":10,"column":36}},"2":{"start":{"line":11,"column":26},"end":{"line":11,"column":79}},"3":{"start":{"line":11,"column":48},"end":{"line":11,"column":78}},"4":{"start":{"line":12,"column":32},"end":{"line":12,"column":43}},"5":{"start":{"line":14,"column":2},"end":{"line":16,"column":24}},"6":{"start":{"line":15,"column":4},"end":{"line":15,"column":23}},"7":{"start":{"line":18,"column":27},"end":{"line":21,"column":3}},"8":{"start":{"line":19,"column":23},"end":{"line":19,"column":71}},"9":{"start":{"line":19,"column":56},"end":{"line":19,"column":67}},"10":{"start":{"line":20,"column":4},"end":{"line":20,"column":29}},"11":{"start":{"line":23,"column":2},"end":{"line":48,"column":4}},"12":{"start":{"line":45,"column":23},"end":{"line":45,"column":60}}},"fnMap":{"0":{"name":"(anonymous_0)","decl":{"start":{"line":9,"column":13},"end":{"line":9,"column":14}},"loc":{"start":{"line":9,"column":19},"end":{"line":49,"column":1}},"line":9},"1":{"name":"(anonymous_1)","decl":{"start":{"line":11,"column":38},"end":{"line":11,"column":39}},"loc":{"start":{"line":11,"column":48},"end":{"line":11,"column":78}},"line":11},"2":{"name":"(anonymous_2)","decl":{"start":{"line":14,"column":12},"end":{"line":14,"column":13}},"loc":{"start":{"line":14,"column":18},"end":{"line":16,"column":3}},"line":14},"3":{"name":"(anonymous_3)","decl":{"start":{"line":18,"column":27},"end":{"line":18,"column":28}},"loc":{"start":{"line":18,"column":33},"end":{"line":21,"column":3}},"line":18},"4":{"name":"(anonymous_4)","decl":{"start":{"line":19,"column":46},"end":{"line":19,"column":47}},"loc":{"start":{"line":19,"column":56},"end":{"line":19,"column":67}},"line":19},"5":{"name":"(anonymous_5)","decl":{"start":{"line":45,"column":17},"end":{"line":45,"column":18}},"loc":{"start":{"line":45,"column":23},"end":{"line":45,"column":60}},"line":45}},"branchMap":{"0":{"loc":{"start":{"line":31,"column":7},"end":{"line":41,"column":7}},"type":"cond-expr","locations":[{"start":{"line":32,"column":8},"end":{"line":34,"column":15}},{"start":{"line":36,"column":8},"end":{"line":40,"column":15}}],"line":31}},"s":{"0":3,"1":3,"2":3,"3":5,"4":3,"5":3,"6":2,"7":3,"8":2,"9":1,"10":2,"11":3,"12":0},"f":{"0":3,"1":5,"2":2,"3":2,"4":1,"5":0},"b":{"0":[2,1]},"_coverageSchema":"1a1c01bbd47fc00a2c39e90264f33305004495a9","hash":"d8db77c02acdd14ddfac9c9103f853a460e77a62"}
,"C:\\Users\\Vitor Leal\\Desktop\\projects\\transactionsManager\\src\\pages\\Home\\styles.js": {"path":"C:\\Users\\Vitor Leal\\Desktop\\projects\\transactionsManager\\src\\pages\\Home\\styles.js","statementMap":{"0":{"start":{"line":4,"column":15},"end":{"line":48,"column":2}}},"fnMap":{},"branchMap":{},"s":{"0":3},"f":{},"b":{},"_coverageSchema":"1a1c01bbd47fc00a2c39e90264f33305004495a9","hash":"02e2128a04976cd99bb44230bf6e1341f27baa04"}
,"C:\\Users\\Vitor Leal\\Desktop\\projects\\transactionsManager\\src\\redux\\store.js": {"path":"C:\\Users\\Vitor Leal\\Desktop\\projects\\transactionsManager\\src\\redux\\store.js","statementMap":{"0":{"start":{"line":6,"column":20},"end":{"line":8,"column":2}},"1":{"start":{"line":10,"column":22},"end":{"line":13,"column":1}},"2":{"start":{"line":15,"column":25},"end":{"line":15,"column":67}},"3":{"start":{"line":17,"column":14},"end":{"line":17,"column":43}},"4":{"start":{"line":18,"column":18},"end":{"line":18,"column":37}}},"fnMap":{},"branchMap":{},"s":{"0":0,"1":0,"2":0,"3":0,"4":0},"f":{},"b":{}}
,"C:\\Users\\Vitor Leal\\Desktop\\projects\\transactionsManager\\src\\redux\\actions\\transaction.js": {"path":"C:\\Users\\Vitor Leal\\Desktop\\projects\\transactionsManager\\src\\redux\\actions\\transaction.js","statementMap":{"0":{"start":{"line":4,"column":2},"end":{"line":7,"column":4}}},"fnMap":{"0":{"name":"SaveTransaction","decl":{"start":{"line":3,"column":16},"end":{"line":3,"column":31}},"loc":{"start":{"line":3,"column":45},"end":{"line":8,"column":1}},"line":3}},"branchMap":{},"s":{"0":1},"f":{"0":1},"b":{},"_coverageSchema":"1a1c01bbd47fc00a2c39e90264f33305004495a9","hash":"438f344cf9f08bf33c5c935175384d1687cf2a7f"}
,"C:\\Users\\Vitor Leal\\Desktop\\projects\\transactionsManager\\src\\redux\\constants\\index.js": {"path":"C:\\Users\\Vitor Leal\\Desktop\\projects\\transactionsManager\\src\\redux\\constants\\index.js","statementMap":{"0":{"start":{"line":1,"column":28},"end":{"line":1,"column":42}}},"fnMap":{},"branchMap":{},"s":{"0":5},"f":{},"b":{},"_coverageSchema":"1a1c01bbd47fc00a2c39e90264f33305004495a9","hash":"17e62c31c365f3956394c2e1c21944172fb86548"}
,"C:\\Users\\Vitor Leal\\Desktop\\projects\\transactionsManager\\src\\redux\\reducers\\transaction.js": {"path":"C:\\Users\\Vitor Leal\\Desktop\\projects\\transactionsManager\\src\\redux\\reducers\\transaction.js","statementMap":{"0":{"start":{"line":3,"column":21},"end":{"line":5,"column":1}},"1":{"start":{"line":7,"column":27},"end":{"line":17,"column":1}},"2":{"start":{"line":8,"column":2},"end":{"line":16,"column":3}},"3":{"start":{"line":10,"column":6},"end":{"line":13,"column":7}},"4":{"start":{"line":15,"column":6},"end":{"line":15,"column":19}}},"fnMap":{"0":{"name":"(anonymous_0)","decl":{"start":{"line":7,"column":27},"end":{"line":7,"column":28}},"loc":{"start":{"line":7,"column":61},"end":{"line":17,"column":1}},"line":7}},"branchMap":{"0":{"loc":{"start":{"line":7,"column":28},"end":{"line":7,"column":48}},"type":"default-arg","locations":[{"start":{"line":7,"column":36},"end":{"line":7,"column":48}}],"line":7},"1":{"loc":{"start":{"line":8,"column":2},"end":{"line":16,"column":3}},"type":"switch","locations":[{"start":{"line":9,"column":4},"end":{"line":13,"column":7}},{"start":{"line":14,"column":4},"end":{"line":15,"column":19}}],"line":8}},"s":{"0":1,"1":1,"2":2,"3":1,"4":1},"f":{"0":2},"b":{"0":[1],"1":[1,1]},"_coverageSchema":"1a1c01bbd47fc00a2c39e90264f33305004495a9","hash":"cd7c013169b2228a757a5a0720b2c5afda09262a"}
}
