{"C:\\Users\\Vitor Leal\\Desktop\\projects\\transactionsManager\\src\\components\\Transactions\\index.js": {"path":"C:\\Users\\Vitor Leal\\Desktop\\projects\\transactionsManager\\src\\components\\Transactions\\index.js","statementMap":{"0":{"start":{"line":7,"column":21},"end":{"line":61,"column":1}},"1":{"start":{"line":8,"column":26},"end":{"line":8,"column":79}},"2":{"start":{"line":8,"column":48},"end":{"line":8,"column":78}},"3":{"start":{"line":9,"column":42},"end":{"line":9,"column":67}},"4":{"start":{"line":11,"column":27},"end":{"line":21,"column":3}},"5":{"start":{"line":12,"column":29},"end":{"line":12,"column":44}},"6":{"start":{"line":13,"column":4},"end":{"line":15,"column":7}},"7":{"start":{"line":14,"column":6},"end":{"line":14,"column":50}},"8":{"start":{"line":16,"column":24},"end":{"line":16,"column":78}},"9":{"start":{"line":16,"column":58},"end":{"line":16,"column":77}},"10":{"start":{"line":17,"column":4},"end":{"line":19,"column":7}},"11":{"start":{"line":18,"column":6},"end":{"line":18,"column":71}},"12":{"start":{"line":20,"column":4},"end":{"line":20,"column":33}},"13":{"start":{"line":23,"column":2},"end":{"line":27,"column":24}},"14":{"start":{"line":24,"column":4},"end":{"line":26,"column":5}},"15":{"start":{"line":25,"column":6},"end":{"line":25,"column":25}},"16":{"start":{"line":29,"column":28},"end":{"line":50,"column":3}},"17":{"start":{"line":30,"column":4},"end":{"line":49,"column":6}},"18":{"start":{"line":52,"column":2},"end":{"line":60,"column":4}},"19":{"start":{"line":57,"column":37},"end":{"line":57,"column":53}}},"fnMap":{"0":{"name":"(anonymous_0)","decl":{"start":{"line":7,"column":21},"end":{"line":7,"column":22}},"loc":{"start":{"line":7,"column":27},"end":{"line":61,"column":1}},"line":7},"1":{"name":"(anonymous_1)","decl":{"start":{"line":8,"column":38},"end":{"line":8,"column":39}},"loc":{"start":{"line":8,"column":48},"end":{"line":8,"column":78}},"line":8},"2":{"name":"(anonymous_2)","decl":{"start":{"line":11,"column":27},"end":{"line":11,"column":28}},"loc":{"start":{"line":11,"column":33},"end":{"line":21,"column":3}},"line":11},"3":{"name":"(anonymous_3)","decl":{"start":{"line":13,"column":27},"end":{"line":13,"column":28}},"loc":{"start":{"line":13,"column":37},"end":{"line":15,"column":5}},"line":13},"4":{"name":"(anonymous_4)","decl":{"start":{"line":16,"column":48},"end":{"line":16,"column":49}},"loc":{"start":{"line":16,"column":58},"end":{"line":16,"column":77}},"line":16},"5":{"name":"(anonymous_5)","decl":{"start":{"line":17,"column":20},"end":{"line":17,"column":21}},"loc":{"start":{"line":17,"column":30},"end":{"line":19,"column":5}},"line":17},"6":{"name":"(anonymous_6)","decl":{"start":{"line":23,"column":12},"end":{"line":23,"column":13}},"loc":{"start":{"line":23,"column":18},"end":{"line":27,"column":3}},"line":23},"7":{"name":"(anonymous_7)","decl":{"start":{"line":29,"column":28},"end":{"line":29,"column":29}},"loc":{"start":{"line":29,"column":40},"end":{"line":50,"column":3}},"line":29},"8":{"name":"(anonymous_8)","decl":{"start":{"line":57,"column":20},"end":{"line":57,"column":21}},"loc":{"start":{"line":57,"column":37},"end":{"line":57,"column":53}},"line":57}},"branchMap":{"0":{"loc":{"start":{"line":24,"column":4},"end":{"line":26,"column":5}},"type":"if","locations":[{"start":{"line":24,"column":4},"end":{"line":26,"column":5}},{"start":{"line":24,"column":4},"end":{"line":26,"column":5}}],"line":24},"1":{"loc":{"start":{"line":36,"column":16},"end":{"line":36,"column":76}},"type":"cond-expr","locations":[{"start":{"line":36,"column":33},"end":{"line":36,"column":53}},{"start":{"line":36,"column":56},"end":{"line":36,"column":76}}],"line":36}},"s":{"0":3,"1":3,"2":5,"3":3,"4":3,"5":2,"6":2,"7":2,"8":2,"9":0,"10":2,"11":2,"12":2,"13":3,"14":2,"15":2,"16":3,"17":3,"18":3,"19":3},"f":{"0":3,"1":5,"2":2,"3":2,"4":0,"5":2,"6":2,"7":3,"8":3},"b":{"0":[2,0],"1":[3,0]},"_coverageSchema":"1a1c01bbd47fc00a2c39e90264f33305004495a9","hash":"24c7798c6e813747ba0ae3119e83195725749119"}
,"C:\\Users\\Vitor Leal\\Desktop\\projects\\transactionsManager\\src\\components\\Transactions\\styles.js": {"path":"C:\\Users\\Vitor Leal\\Desktop\\projects\\transactionsManager\\src\\components\\Transactions\\styles.js","statementMap":{"0":{"start":{"line":4,"column":15},"end":{"line":49,"column":2}}},"fnMap":{},"branchMap":{},"s":{"0":3},"f":{},"b":{},"_coverageSchema":"1a1c01bbd47fc00a2c39e90264f33305004495a9","hash":"97c9339d7976a65af5fa69b1bee6f7459b17822b"}
,"C:\\Users\\Vitor Leal\\Desktop\\projects\\transactionsManager\\src\\constants\\Colors.js": {"path":"C:\\Users\\Vitor Leal\\Desktop\\projects\\transactionsManager\\src\\constants\\Colors.js","statementMap":{"0":{"start":{"line":1,"column":12},"end":{"line":1,"column":21}},"1":{"start":{"line":2,"column":17},"end":{"line":2,"column":26}},"2":{"start":{"line":3,"column":17},"end":{"line":3,"column":26}},"3":{"start":{"line":4,"column":18},"end":{"line":4,"column":27}},"4":{"start":{"line":5,"column":18},"end":{"line":5,"column":27}},"5":{"start":{"line":6,"column":28},"end":{"line":6,"column":37}},"6":{"start":{"line":7,"column":28},"end":{"line":7,"column":35}},"7":{"start":{"line":9,"column":22},"end":{"line":17,"column":1}}},"fnMap":{},"branchMap":{},"s":{"0":3,"1":3,"2":3,"3":3,"4":3,"5":3,"6":3,"7":3},"f":{},"b":{},"_coverageSchema":"1a1c01bbd47fc00a2c39e90264f33305004495a9","hash":"d39d06858d4e42e9fd1747a2d84f6982714a64b6"}
,"C:\\Users\\Vitor Leal\\Desktop\\projects\\transactionsManager\\src\\navigator\\appNavigator.js": {"path":"C:\\Users\\Vitor Leal\\Desktop\\projects\\transactionsManager\\src\\navigator\\appNavigator.js","statementMap":{"0":{"start":{"line":8,"column":14},"end":{"line":8,"column":36}},"1":{"start":{"line":9,"column":31},"end":{"line":33,"column":1}},"2":{"start":{"line":10,"column":2},"end":{"line":32,"column":4}},"3":{"start":{"line":16,"column":26},"end":{"line":18,"column":11}},"4":{"start":{"line":23,"column":26},"end":{"line":28,"column":11}}},"fnMap":{"0":{"name":"(anonymous_0)","decl":{"start":{"line":9,"column":31},"end":{"line":9,"column":32}},"loc":{"start":{"line":9,"column":37},"end":{"line":33,"column":1}},"line":9},"1":{"name":"(anonymous_1)","decl":{"start":{"line":16,"column":19},"end":{"line":16,"column":20}},"loc":{"start":{"line":16,"column":26},"end":{"line":18,"column":11}},"line":16},"2":{"name":"(anonymous_2)","decl":{"start":{"line":23,"column":19},"end":{"line":23,"column":20}},"loc":{"start":{"line":23,"column":26},"end":{"line":28,"column":11}},"line":23}},"branchMap":{},"s":{"0":0,"1":0,"2":0,"3":0,"4":0},"f":{"0":0,"1":0,"2":0},"b":{}}
,"C:\\Users\\Vitor Leal\\Desktop\\projects\\transactionsManager\\src\\navigator\\mockedNavigator.js": {"path":"C:\\Users\\Vitor Leal\\Desktop\\projects\\transactionsManager\\src\\navigator\\mockedNavigator.js","statementMap":{"0":{"start":{"line":8,"column":14},"end":{"line":8,"column":36}},"1":{"start":{"line":10,"column":24},"end":{"line":22,"column":1}},"2":{"start":{"line":11,"column":2},"end":{"line":21,"column":4}}},"fnMap":{"0":{"name":"(anonymous_0)","decl":{"start":{"line":10,"column":24},"end":{"line":10,"column":25}},"loc":{"start":{"line":10,"column":54},"end":{"line":22,"column":1}},"line":10}},"branchMap":{"0":{"loc":{"start":{"line":10,"column":37},"end":{"line":10,"column":48}},"type":"default-arg","locations":[{"start":{"line":10,"column":46},"end":{"line":10,"column":48}}],"line":10}},"s":{"0":3,"1":3,"2":5},"f":{"0":5},"b":{"0":[5]},"_coverageSchema":"1a1c01bbd47fc00a2c39e90264f33305004495a9","hash":"f1c486095a36a596907a3c1d14f64e687bee47d3"}
,"C:\\Users\\Vitor Leal\\Desktop\\projects\\transactionsManager\\src\\pages\\AddTransaction\\index.js": {"path":"C:\\Users\\Vitor Leal\\Desktop\\projects\\transactionsManager\\src\\pages\\AddTransaction\\index.js","statementMap":{"0":{"start":{"line":11,"column":23},"end":{"line":86,"column":1}},"1":{"start":{"line":12,"column":28},"end":{"line":12,"column":38}},"2":{"start":{"line":13,"column":26},"end":{"line":13,"column":36}},"3":{"start":{"line":14,"column":21},"end":{"line":14,"column":50}},"4":{"start":{"line":15,"column":26},"end":{"line":15,"column":46}},"5":{"start":{"line":16,"column":21},"end":{"line":16,"column":36}},"6":{"start":{"line":17,"column":19},"end":{"line":17,"column":32}},"7":{"start":{"line":19,"column":19},"end":{"line":22,"column":3}},"8":{"start":{"line":20,"column":24},"end":{"line":20,"column":44}},"9":{"start":{"line":21,"column":4},"end":{"line":21,"column":68}},"10":{"start":{"line":24,"column":28},"end":{"line":37,"column":3}},"11":{"start":{"line":25,"column":4},"end":{"line":36,"column":5}},"12":{"start":{"line":26,"column":28},"end":{"line":26,"column":45}},"13":{"start":{"line":27,"column":26},"end":{"line":31,"column":7}},"14":{"start":{"line":32,"column":6},"end":{"line":32,"column":45}},"15":{"start":{"line":33,"column":6},"end":{"line":33,"column":34}},"16":{"start":{"line":35,"column":6},"end":{"line":35,"column":71}},"17":{"start":{"line":39,"column":2},"end":{"line":85,"column":4}},"18":{"start":{"line":50,"column":35},"end":{"line":50,"column":50}},"19":{"start":{"line":59,"column":41},"end":{"line":59,"column":61}}},"fnMap":{"0":{"name":"(anonymous_0)","decl":{"start":{"line":11,"column":23},"end":{"line":11,"column":24}},"loc":{"start":{"line":11,"column":29},"end":{"line":86,"column":1}},"line":11},"1":{"name":"(anonymous_1)","decl":{"start":{"line":19,"column":19},"end":{"line":19,"column":20}},"loc":{"start":{"line":19,"column":37},"end":{"line":22,"column":3}},"line":19},"2":{"name":"(anonymous_2)","decl":{"start":{"line":24,"column":28},"end":{"line":24,"column":29}},"loc":{"start":{"line":24,"column":34},"end":{"line":37,"column":3}},"line":24},"3":{"name":"(anonymous_3)","decl":{"start":{"line":50,"column":24},"end":{"line":50,"column":25}},"loc":{"start":{"line":50,"column":35},"end":{"line":50,"column":50}},"line":50},"4":{"name":"(anonymous_4)","decl":{"start":{"line":59,"column":24},"end":{"line":59,"column":25}},"loc":{"start":{"line":59,"column":41},"end":{"line":59,"column":61}},"line":59}},"branchMap":{"0":{"loc":{"start":{"line":20,"column":24},"end":{"line":20,"column":44}},"type":"binary-expr","locations":[{"start":{"line":20,"column":24},"end":{"line":20,"column":36}},{"start":{"line":20,"column":40},"end":{"line":20,"column":44}}],"line":20},"1":{"loc":{"start":{"line":25,"column":4},"end":{"line":36,"column":5}},"type":"if","locations":[{"start":{"line":25,"column":4},"end":{"line":36,"column":5}},{"start":{"line":25,"column":4},"end":{"line":36,"column":5}}],"line":25},"2":{"loc":{"start":{"line":25,"column":8},"end":{"line":25,"column":29}},"type":"binary-expr","locations":[{"start":{"line":25,"column":8},"end":{"line":25,"column":12}},{"start":{"line":25,"column":16},"end":{"line":25,"column":20}},{"start":{"line":25,"column":24},"end":{"line":25,"column":29}}],"line":25}},"s":{"0":3,"1":4,"2":4,"3":4,"4":4,"5":4,"6":4,"7":4,"8":0,"9":0,"10":4,"11":0,"12":0,"13":0,"14":0,"15":0,"16":0,"17":4,"18":1,"19":1},"f":{"0":4,"1":0,"2":0,"3":1,"4":1},"b":{"0":[0,0],"1":[0,0],"2":[0,0,0]},"_coverageSchema":"1a1c01bbd47fc00a2c39e90264f33305004495a9","hash":"4cbbe2a769556386bd0eb2d1bc1a0f115709fd2a"}
,"C:\\Users\\Vitor Leal\\Desktop\\projects\\transactionsManager\\src\\pages\\AddTransaction\\styles.js": {"path":"C:\\Users\\Vitor Leal\\Desktop\\projects\\transactionsManager\\src\\pages\\AddTransaction\\styles.js","statementMap":{"0":{"start":{"line":4,"column":15},"end":{"line":50,"column":2}}},"fnMap":{},"branchMap":{},"s":{"0":3},"f":{},"b":{},"_coverageSchema":"1a1c01bbd47fc00a2c39e90264f33305004495a9","hash":"576e04670289de045c70a071218fd9aed3b899c6"}
,"C:\\Users\\Vitor Leal\\Desktop\\projects\\transactionsManager\\src\\pages\\Home\\index.js": {"path":"C:\\Users\\Vitor Leal\\Desktop\\projects\\transactionsManager\\src\\pages\\Home\\index.js","statementMap":{"0":{"start":{"line":10,"column":13},"end":{"line":50,"column":1}},"1":{"start":{"line":11,"column":21},"end":{"line":11,"column":36}},"2":{"start":{"line":12,"column":26},"end":{"line":12,"column":79}},"3":{"start":{"line":12,"column":48},"end":{"line":12,"column":78}},"4":{"start":{"line":13,"column":32},"end":{"line":13,"column":43}},"5":{"start":{"line":15,"column":2},"end":{"line":17,"column":24}},"6":{"start":{"line":16,"column":4},"end":{"line":16,"column":23}},"7":{"start":{"line":19,"column":27},"end":{"line":22,"column":3}},"8":{"start":{"line":20,"column":23},"end":{"line":20,"column":71}},"9":{"start":{"line":20,"column":56},"end":{"line":20,"column":67}},"10":{"start":{"line":21,"column":4},"end":{"line":21,"column":29}},"11":{"start":{"line":24,"column":2},"end":{"line":49,"column":4}},"12":{"start":{"line":46,"column":23},"end":{"line":46,"column":60}}},"fnMap":{"0":{"name":"(anonymous_0)","decl":{"start":{"line":10,"column":13},"end":{"line":10,"column":14}},"loc":{"start":{"line":10,"column":19},"end":{"line":50,"column":1}},"line":10},"1":{"name":"(anonymous_1)","decl":{"start":{"line":12,"column":38},"end":{"line":12,"column":39}},"loc":{"start":{"line":12,"column":48},"end":{"line":12,"column":78}},"line":12},"2":{"name":"(anonymous_2)","decl":{"start":{"line":15,"column":12},"end":{"line":15,"column":13}},"loc":{"start":{"line":15,"column":18},"end":{"line":17,"column":3}},"line":15},"3":{"name":"(anonymous_3)","decl":{"start":{"line":19,"column":27},"end":{"line":19,"column":28}},"loc":{"start":{"line":19,"column":33},"end":{"line":22,"column":3}},"line":19},"4":{"name":"(anonymous_4)","decl":{"start":{"line":20,"column":46},"end":{"line":20,"column":47}},"loc":{"start":{"line":20,"column":56},"end":{"line":20,"column":67}},"line":20},"5":{"name":"(anonymous_5)","decl":{"start":{"line":46,"column":17},"end":{"line":46,"column":18}},"loc":{"start":{"line":46,"column":23},"end":{"line":46,"column":60}},"line":46}},"branchMap":{"0":{"loc":{"start":{"line":32,"column":7},"end":{"line":42,"column":7}},"type":"cond-expr","locations":[{"start":{"line":33,"column":8},"end":{"line":35,"column":15}},{"start":{"line":37,"column":8},"end":{"line":41,"column":15}}],"line":32}},"s":{"0":3,"1":3,"2":3,"3":5,"4":3,"5":3,"6":2,"7":3,"8":2,"9":1,"10":2,"11":3,"12":0},"f":{"0":3,"1":5,"2":2,"3":2,"4":1,"5":0},"b":{"0":[2,1]},"_coverageSchema":"1a1c01bbd47fc00a2c39e90264f33305004495a9","hash":"e8d1f3c1e88da630b597eda1983ce5210a191e98"}
,"C:\\Users\\Vitor Leal\\Desktop\\projects\\transactionsManager\\src\\pages\\Home\\styles.js": {"path":"C:\\Users\\Vitor Leal\\Desktop\\projects\\transactionsManager\\src\\pages\\Home\\styles.js","statementMap":{"0":{"start":{"line":4,"column":15},"end":{"line":43,"column":2}}},"fnMap":{},"branchMap":{},"s":{"0":3},"f":{},"b":{},"_coverageSchema":"1a1c01bbd47fc00a2c39e90264f33305004495a9","hash":"fe6918cff71d5256e9e5450c1460039ef3cdc30a"}
,"C:\\Users\\Vitor Leal\\Desktop\\projects\\transactionsManager\\src\\redux\\store.js": {"path":"C:\\Users\\Vitor Leal\\Desktop\\projects\\transactionsManager\\src\\redux\\store.js","statementMap":{"0":{"start":{"line":6,"column":20},"end":{"line":8,"column":2}},"1":{"start":{"line":10,"column":22},"end":{"line":13,"column":1}},"2":{"start":{"line":15,"column":25},"end":{"line":15,"column":67}},"3":{"start":{"line":17,"column":14},"end":{"line":17,"column":43}},"4":{"start":{"line":18,"column":18},"end":{"line":18,"column":37}}},"fnMap":{},"branchMap":{},"s":{"0":0,"1":0,"2":0,"3":0,"4":0},"f":{},"b":{}}
,"C:\\Users\\Vitor Leal\\Desktop\\projects\\transactionsManager\\src\\redux\\actions\\transaction.js": {"path":"C:\\Users\\Vitor Leal\\Desktop\\projects\\transactionsManager\\src\\redux\\actions\\transaction.js","statementMap":{"0":{"start":{"line":4,"column":2},"end":{"line":7,"column":4}}},"fnMap":{"0":{"name":"SaveTransaction","decl":{"start":{"line":3,"column":16},"end":{"line":3,"column":31}},"loc":{"start":{"line":3,"column":45},"end":{"line":8,"column":1}},"line":3}},"branchMap":{},"s":{"0":0},"f":{"0":0},"b":{},"_coverageSchema":"1a1c01bbd47fc00a2c39e90264f33305004495a9","hash":"438f344cf9f08bf33c5c935175384d1687cf2a7f"}
,"C:\\Users\\Vitor Leal\\Desktop\\projects\\transactionsManager\\src\\redux\\constants\\index.js": {"path":"C:\\Users\\Vitor Leal\\Desktop\\projects\\transactionsManager\\src\\redux\\constants\\index.js","statementMap":{"0":{"start":{"line":1,"column":28},"end":{"line":1,"column":42}}},"fnMap":{},"branchMap":{},"s":{"0":3},"f":{},"b":{},"_coverageSchema":"1a1c01bbd47fc00a2c39e90264f33305004495a9","hash":"17e62c31c365f3956394c2e1c21944172fb86548"}
,"C:\\Users\\Vitor Leal\\Desktop\\projects\\transactionsManager\\src\\redux\\reducers\\transaction.js": {"path":"C:\\Users\\Vitor Leal\\Desktop\\projects\\transactionsManager\\src\\redux\\reducers\\transaction.js","statementMap":{"0":{"start":{"line":3,"column":21},"end":{"line":5,"column":1}},"1":{"start":{"line":7,"column":27},"end":{"line":17,"column":1}},"2":{"start":{"line":8,"column":2},"end":{"line":16,"column":3}},"3":{"start":{"line":10,"column":6},"end":{"line":13,"column":7}},"4":{"start":{"line":15,"column":6},"end":{"line":15,"column":19}}},"fnMap":{"0":{"name":"(anonymous_0)","decl":{"start":{"line":7,"column":27},"end":{"line":7,"column":28}},"loc":{"start":{"line":7,"column":61},"end":{"line":17,"column":1}},"line":7}},"branchMap":{"0":{"loc":{"start":{"line":7,"column":28},"end":{"line":7,"column":48}},"type":"default-arg","locations":[{"start":{"line":7,"column":36},"end":{"line":7,"column":48}}],"line":7},"1":{"loc":{"start":{"line":8,"column":2},"end":{"line":16,"column":3}},"type":"switch","locations":[{"start":{"line":9,"column":4},"end":{"line":13,"column":7}},{"start":{"line":14,"column":4},"end":{"line":15,"column":19}}],"line":8}},"s":{"0":0,"1":0,"2":0,"3":0,"4":0},"f":{"0":0},"b":{"0":[0],"1":[0,0]}}
}
